<?xml version="1.0" encoding="UTF-8"?>
<testng-results ignored="0" total="2" passed="2" failed="0" skipped="0">
  <reporter-output>
  </reporter-output>
  <suite started-at="2025-10-20T10:00:36 IST" name="Login Test Suite" finished-at="2025-10-20T10:00:46 IST" duration-ms="10652">
    <groups>
    </groups>
    <test started-at="2025-10-20T10:00:36 IST" name="Login Test" finished-at="2025-10-20T10:00:46 IST" duration-ms="10652">
      <class name="LevelOneLearningInfy.SelenuimLoginFramework.LoginTest">
        <test-method is-config="true" signature="setup()[pri:0, instance:LevelOneLearningInfy.SelenuimLoginFramework.LoginTest@a514af7]" started-at="2025-10-20T10:00:36 IST" name="setup" finished-at="2025-10-20T10:00:41 IST" duration-ms="4722" status="PASS">
          <reporter-output>
          </reporter-output>
        </test-method> <!-- setup -->
        <test-method signature="testValidLogin()[pri:0, instance:LevelOneLearningInfy.SelenuimLoginFramework.LoginTest@a514af7]" started-at="2025-10-20T10:00:41 IST" name="testValidLogin" finished-at="2025-10-20T10:00:42 IST" duration-ms="1154" status="PASS">
          <reporter-output>
          </reporter-output>
        </test-method> <!-- testValidLogin -->
        <test-method is-config="true" signature="tearDown()[pri:0, instance:LevelOneLearningInfy.SelenuimLoginFramework.LoginTest@a514af7]" started-at="2025-10-20T10:00:42 IST" name="tearDown" finished-at="2025-10-20T10:00:42 IST" duration-ms="228" status="PASS">
          <reporter-output>
          </reporter-output>
        </test-method> <!-- tearDown -->
        <test-method is-config="true" signature="setup()[pri:0, instance:LevelOneLearningInfy.SelenuimLoginFramework.LoginTest@a514af7]" started-at="2025-10-20T10:00:42 IST" name="setup" finished-at="2025-10-20T10:00:45 IST" duration-ms="3294" status="PASS">
          <reporter-output>
          </reporter-output>
        </test-method> <!-- setup -->
        <test-method signature="testInvalidLogin()[pri:0, instance:LevelOneLearningInfy.SelenuimLoginFramework.LoginTest@a514af7]" started-at="2025-10-20T10:00:45 IST" name="testInvalidLogin" finished-at="2025-10-20T10:00:46 IST" duration-ms="1031" status="PASS">
          <reporter-output>
          </reporter-output>
        </test-method> <!-- testInvalidLogin -->
        <test-method is-config="true" signature="tearDown()[pri:0, instance:LevelOneLearningInfy.SelenuimLoginFramework.LoginTest@a514af7]" started-at="2025-10-20T10:00:46 IST" name="tearDown" finished-at="2025-10-20T10:00:46 IST" duration-ms="189" status="PASS">
          <reporter-output>
          </reporter-output>
        </test-method> <!-- tearDown -->
      </class> <!-- LevelOneLearningInfy.SelenuimLoginFramework.LoginTest -->
    </test> <!-- Login Test -->
  </suite> <!-- Login Test Suite -->
</testng-results>
