<?xml version="1.0" encoding="UTF-8"?>
<!-- Generated by org.testng.reporters.JUnitXMLReporter -->
<testsuite ignored="0" hostname="BalaprasadDad" failures="0" tests="2" name="Login Test" time="10.652" errors="0" timestamp="2025-10-20T10:00:46 IST">
  <testcase classname="LevelOneLearningInfy.SelenuimLoginFramework.LoginTest" name="testValidLogin" time="1.154"/>
  <testcase classname="LevelOneLearningInfy.SelenuimLoginFramework.LoginTest" name="testInvalidLogin" time="1.031"/>
</testsuite> <!-- Login Test -->
