<?xml version="1.0" encoding="UTF-8"?>
<testng-results ignored="0" total="2" passed="2" failed="0" skipped="0">
  <reporter-output>
  </reporter-output>
  <suite started-at="2025-10-20T09:38:04 IST" name="Login Test Suite" finished-at="2025-10-20T09:38:20 IST" duration-ms="16257">
    <groups>
    </groups>
    <test started-at="2025-10-20T09:38:04 IST" name="Login Test" finished-at="2025-10-20T09:38:20 IST" duration-ms="16257">
      <class name="LevelOneLearningInfy.SelenuimLoginFramework.LoginTest">
        <test-method is-config="true" signature="setup()[pri:0, instance:LevelOneLearningInfy.SelenuimLoginFramework.LoginTest@815b41f]" started-at="2025-10-20T09:38:04 IST" name="setup" finished-at="2025-10-20T09:38:11 IST" duration-ms="7386" status="PASS">
          <reporter-output>
          </reporter-output>
        </test-method> <!-- setup -->
        <test-method signature="testValidLogin()[pri:0, instance:LevelOneLearningInfy.SelenuimLoginFramework.LoginTest@815b41f]" started-at="2025-10-20T09:38:11 IST" name="testValidLogin" finished-at="2025-10-20T09:38:12 IST" duration-ms="989" status="PASS">
          <reporter-output>
          </reporter-output>
        </test-method> <!-- testValidLogin -->
        <test-method is-config="true" signature="tearDown()[pri:0, instance:LevelOneLearningInfy.SelenuimLoginFramework.LoginTest@815b41f]" started-at="2025-10-20T09:38:12 IST" name="tearDown" finished-at="2025-10-20T09:38:13 IST" duration-ms="1104" status="PASS">
          <reporter-output>
          </reporter-output>
        </test-method> <!-- tearDown -->
        <test-method is-config="true" signature="setup()[pri:0, instance:LevelOneLearningInfy.SelenuimLoginFramework.LoginTest@815b41f]" started-at="2025-10-20T09:38:13 IST" name="setup" finished-at="2025-10-20T09:38:19 IST" duration-ms="5270" status="PASS">
          <reporter-output>
          </reporter-output>
        </test-method> <!-- setup -->
        <test-method signature="testInvalidLogin()[pri:0, instance:LevelOneLearningInfy.SelenuimLoginFramework.LoginTest@815b41f]" started-at="2025-10-20T09:38:19 IST" name="testInvalidLogin" finished-at="2025-10-20T09:38:19 IST" duration-ms="270" status="PASS">
          <reporter-output>
          </reporter-output>
        </test-method> <!-- testInvalidLogin -->
        <test-method is-config="true" signature="tearDown()[pri:0, instance:LevelOneLearningInfy.SelenuimLoginFramework.LoginTest@815b41f]" started-at="2025-10-20T09:38:19 IST" name="tearDown" finished-at="2025-10-20T09:38:20 IST" duration-ms="1189" status="PASS">
          <reporter-output>
          </reporter-output>
        </test-method> <!-- tearDown -->
      </class> <!-- LevelOneLearningInfy.SelenuimLoginFramework.LoginTest -->
    </test> <!-- Login Test -->
  </suite> <!-- Login Test Suite -->
</testng-results>
