<?xml version="1.0" encoding="UTF-8"?>
<!-- Generated by org.testng.reporters.JUnitXMLReporter -->
<testsuite ignored="0" hostname="BalaprasadDad" failures="0" tests="2" name="Login Test" time="16.257" errors="0" timestamp="2025-10-20T09:38:20 IST">
  <testcase classname="LevelOneLearningInfy.SelenuimLoginFramework.LoginTest" name="testValidLogin" time="0.989"/>
  <testcase classname="LevelOneLearningInfy.SelenuimLoginFramework.LoginTest" name="testInvalidLogin" time="0.27"/>
</testsuite> <!-- Login Test -->
